<?xml version="1.0" encoding="UTF-8"?>
<testsuite xmlns:xsi="http://www.w3.org/2001/XMLSchema-instance" xsi:noNamespaceSchemaLocation="https://maven.apache.org/surefire/maven-surefire-plugin/xsd/surefire-test-report.xsd" name="Scenario: Format of values" time="60.844" tests="35" errors="0" skipped="0" failures="0">
  <properties>
    <property name="java.runtime.name" value="Java(TM) SE Runtime Environment"/>
    <property name="sun.boot.library.path" value="C:\Program Files\Java\jdk1.8.0_121\jre\bin"/>
    <property name="java.vm.version" value="25.121-b13"/>
    <property name="java.vm.vendor" value="Oracle Corporation"/>
    <property name="java.vendor.url" value="http://java.oracle.com/"/>
    <property name="path.separator" value=";"/>
    <property name="guice.disable.misplaced.annotation.check" value="true"/>
    <property name="java.vm.name" value="Java HotSpot(TM) 64-Bit Server VM"/>
    <property name="file.encoding.pkg" value="sun.io"/>
    <property name="user.script" value=""/>
    <property name="user.country" value="GB"/>
    <property name="sun.java.launcher" value="SUN_STANDARD"/>
    <property name="sun.os.patch.level" value=""/>
    <property name="java.vm.specification.name" value="Java Virtual Machine Specification"/>
    <property name="user.dir" value="C:\Users\Duvvuri\IdeaProjects\Acceptancetest"/>
    <property name="java.runtime.version" value="1.8.0_121-b13"/>
    <property name="java.awt.graphicsenv" value="sun.awt.Win32GraphicsEnvironment"/>
    <property name="java.endorsed.dirs" value="C:\Program Files\Java\jdk1.8.0_121\jre\lib\endorsed"/>
    <property name="os.arch" value="amd64"/>
    <property name="java.io.tmpdir" value="C:\Users\Duvvuri\AppData\Local\Temp\"/>
    <property name="line.separator" value="&#10;"/>
    <property name="java.vm.specification.vendor" value="Oracle Corporation"/>
    <property name="user.variant" value=""/>
    <property name="os.name" value="Windows 8.1"/>
    <property name="classworlds.conf" value="C:\Maven\apache-maven-3.2.1\bin\m2.conf"/>
    <property name="sun.jnu.encoding" value="Cp1252"/>
    <property name="java.library.path" value="C:\Program Files\Java\jdk1.8.0_121\bin;C:\Windows\Sun\Java\bin;C:\Windows\system32;C:\Windows;C:\ProgramData\Oracle\Java\javapath;c:\Program Files (x86)\Intel\iCLS Client\;c:\Program Files\Intel\iCLS Client\;C:\Windows\system32;C:\Windows;C:\Windows\System32\Wbem;C:\Windows\System32\WindowsPowerShell\v1.0\;C:\Program Files\Intel\Intel(R) Management Engine Components\DAL;C:\Program Files\Intel\Intel(R) Management Engine Components\IPT;C:\Program Files (x86)\Intel\Intel(R) Management Engine Components\DAL;C:\Program Files (x86)\Intel\Intel(R) Management Engine Components\IPT;C:\Program Files\Intel\WiFi\bin\;C:\Program Files\Common Files\Intel\WirelessCommon\;C:\Program Files\Java\jre7;C:\Maven\apache-maven-3.2.1\bin;C:\Python27\Scripts;C:\Python27\;C:\Program Files (x86)\Windows Live\Shared;C:\Windows\system32\config\systemprofile\.dnx\bin;C:\Program Files\Microsoft DNX\Dnvm\;C:\Program Files\nodejs\;C:\Program Files\Git\cmd;C:\Program Files (x86)\Skype\Phone\;C:\Users\Duvvuri\AppData\Roaming\npm;."/>
    <property name="java.specification.name" value="Java Platform API Specification"/>
    <property name="java.class.version" value="52.0"/>
    <property name="sun.management.compiler" value="HotSpot 64-Bit Tiered Compilers"/>
    <property name="os.version" value="6.3"/>
    <property name="user.home" value="C:\Users\Duvvuri"/>
    <property name="user.timezone" value="Europe/London"/>
    <property name="java.awt.printerjob" value="sun.awt.windows.WPrinterJob"/>
    <property name="java.specification.version" value="1.8"/>
    <property name="file.encoding" value="Cp1252"/>
    <property name="user.name" value="Duvvuri"/>
    <property name="java.class.path" value="C:\Maven\apache-maven-3.2.1\boot\plexus-classworlds-2.5.1.jar"/>
    <property name="org.slf4j.simpleLogger.defaultLogLevel" value="info"/>
    <property name="java.vm.specification.version" value="1.8"/>
    <property name="sun.arch.data.model" value="64"/>
    <property name="java.home" value="C:\Program Files\Java\jdk1.8.0_121\jre"/>
    <property name="sun.java.command" value="org.codehaus.plexus.classworlds.launcher.Launcher clean install"/>
    <property name="java.specification.vendor" value="Oracle Corporation"/>
    <property name="user.language" value="en"/>
    <property name="awt.toolkit" value="sun.awt.windows.WToolkit"/>
    <property name="java.vm.info" value="mixed mode"/>
    <property name="java.version" value="1.8.0_121"/>
    <property name="java.ext.dirs" value="C:\Program Files\Java\jdk1.8.0_121\jre\lib\ext;C:\Windows\Sun\Java\lib\ext"/>
    <property name="sun.boot.class.path" value="C:\Program Files\Java\jdk1.8.0_121\jre\lib\resources.jar;C:\Program Files\Java\jdk1.8.0_121\jre\lib\rt.jar;C:\Program Files\Java\jdk1.8.0_121\jre\lib\sunrsasign.jar;C:\Program Files\Java\jdk1.8.0_121\jre\lib\jsse.jar;C:\Program Files\Java\jdk1.8.0_121\jre\lib\jce.jar;C:\Program Files\Java\jdk1.8.0_121\jre\lib\charsets.jar;C:\Program Files\Java\jdk1.8.0_121\jre\lib\jfr.jar;C:\Program Files\Java\jdk1.8.0_121\jre\classes"/>
    <property name="sun.stderr.encoding" value="cp437"/>
    <property name="java.vendor" value="Oracle Corporation"/>
    <property name="maven.home" value="C:\Maven\apache-maven-3.2.1"/>
    <property name="file.separator" value="\"/>
    <property name="java.vendor.url.bug" value="http://bugreport.sun.com/bugreport/"/>
    <property name="sun.cpu.endian" value="little"/>
    <property name="sun.io.unicode.encoding" value="UnicodeLittle"/>
    <property name="sun.stdout.encoding" value="cp437"/>
    <property name="sun.desktop" value="windows"/>
    <property name="sun.cpu.isalist" value="amd64"/>
  </properties>
  <testcase name="Given User navigates to weather forecast &quot;https://weather-acceptance.herokuapp.com/&quot;" classname="Scenario: Display weather report for a valid city" time="0.004"/>
  <testcase name="When Enter city &quot;Edinburgh&quot;" classname="Scenario: Display weather report for a valid city" time="0"/>
  <testcase name="And press Enter" classname="Scenario: Display weather report for a valid city" time="0"/>
  <testcase name="Then Weather report for &quot;5&quot; days should be displayed" classname="Scenario: Display weather report for a valid city" time="0"/>
  <testcase name="And Displayed dates are consecutive days" classname="Scenario: Display weather report for a valid city" time="0.001"/>
  <testcase name="And Starts from Today" classname="Scenario: Display weather report for a valid city" time="0"/>
  <testcase name="Scenario: Display weather report for a valid city" classname="Scenario: Display weather report for a valid city" time="0.014"/>
  <testcase name="When Enter city &quot;London&quot;" classname="Scenario: Display error on entering  an invalid city" time="0.001"/>
  <testcase name="And press Enter" classname="Scenario: Display error on entering  an invalid city" time="0"/>
  <testcase name="Then Error must be displayed" classname="Scenario: Display error on entering  an invalid city" time="0"/>
  <testcase name="Scenario: Display error on entering  an invalid city" classname="Scenario: Display error on entering  an invalid city" time="0"/>
  <testcase name="Given User navigates to weather forecast &quot;https://weather-acceptance.herokuapp.com/&quot;" classname="Scenario: Hours panel is open on selected date" time="0"/>
  <testcase name="When User clicks on  &quot;23&quot;" classname="Scenario: Hours panel is open on selected date" time="0"/>
  <testcase name="Then Hours panel of  &quot;23&quot; should be displayed" classname="Scenario: Hours panel is open on selected date" time="0"/>
  <testcase name="Scenario: Hours panel is open on selected date" classname="Scenario: Hours panel is open on selected date" time="0.001"/>
  <testcase name="Then Summary of all  hours is displayed of &quot;23&quot;" classname="Scenario: All 3 hours summary forecast is displayed for future dates" time="0"/>
  <testcase name="And Group by 3 hours" classname="Scenario: All 3 hours summary forecast is displayed for future dates" time="0"/>
  <testcase name="Scenario: All 3 hours summary forecast is displayed for future dates" classname="Scenario: All 3 hours summary forecast is displayed for future dates" time="0.005"/>
  <testcase name="When User clicks on  &quot;20&quot;" classname="Scenario: Past hours are not displayed" time="0"/>
  <testcase name="Then Summary of all passed hours is hidden" classname="Scenario: Past hours are not displayed" time="0"/>
  <testcase name="Scenario: Past hours are not displayed" classname="Scenario: Past hours are not displayed" time="0.001"/>
  <testcase name="When User clicks on  &quot;23&quot;" classname="Scenario: Hours panel should be closed when clicked on open date" time="0"/>
  <testcase name="Then Hours panel of  &quot;23&quot; should be displayed" classname="Scenario: Hours panel should be closed when clicked on open date" time="0"/>
  <testcase name="And Hours panel of &quot;20&quot; is closed" classname="Scenario: Hours panel should be closed when clicked on open date" time="0"/>
  <testcase name="Scenario: Hours panel should be closed when clicked on open date" classname="Scenario: Hours panel should be closed when clicked on open date" time="0"/>
  <testcase name="Given User navigates to weather forecast &quot;https://weather-acceptance.herokuapp.com/&quot;" classname="Scenario: Display current Or Dominant condition" time="0"/>
  <testcase name="When Enter city &quot;Edinburgh&quot;" classname="Scenario: Display current Or Dominant condition" time="0"/>
  <testcase name="And press Enter" classname="Scenario: Display current Or Dominant condition" time="0"/>
  <testcase name="And User clicks on  &quot;23&quot;" classname="Scenario: Display current Or Dominant condition" time="0"/>
  <testcase name="Then Max and min temperatures are displayed" classname="Scenario: Display current Or Dominant condition" time="0"/>
  <testcase name="And Windspeed and directions are displayed" classname="Scenario: Display current Or Dominant condition" time="0"/>
  <testcase name="And Total rainfall and Pressure are displayed" classname="Scenario: Display current Or Dominant condition" time="0"/>
  <testcase name="Scenario: Display current Or Dominant condition" classname="Scenario: Display current Or Dominant condition" time="0.001"/>
  <testcase name="Then All numeric values should be rounded down" classname="Scenario: Format of values" time="0"/>
  <testcase name="Scenario: Format of values" classname="Scenario: Format of values" time="0"/>
</testsuite>